<?xml version="1.0" encoding="UTF-8"?>
<testsuite xmlns:xsi="http://www.w3.org/2001/XMLSchema-instance" xsi:noNamespaceSchemaLocation="https://maven.apache.org/surefire/maven-surefire-plugin/xsd/surefire-test-report.xsd" name="xit.gateway.core.valve.TestOrdinaryValve" time="6.159" tests="2" errors="0" skipped="0" failures="0">
  <properties>
    <property name="sun.desktop" value="windows"/>
    <property name="awt.toolkit" value="sun.awt.windows.WToolkit"/>
    <property name="java.specification.version" value="11"/>
    <property name="sun.cpu.isalist" value="amd64"/>
    <property name="sun.jnu.encoding" value="GBK"/>
    <property name="java.class.path" value="E:\Study\dev\Java\torch-game-gateway\target\test-classes;E:\Study\dev\Java\torch-game-gateway\target\classes;E:\StudyTools\apache-maven-3.6.3\respository\org\apache\commons\commons-lang3\3.12.0\commons-lang3-3.12.0.jar;E:\StudyTools\apache-maven-3.6.3\respository\com\google\guava\guava\31.1-jre\guava-31.1-jre.jar;E:\StudyTools\apache-maven-3.6.3\respository\com\google\guava\failureaccess\1.0.1\failureaccess-1.0.1.jar;E:\StudyTools\apache-maven-3.6.3\respository\com\google\guava\listenablefuture\9999.0-empty-to-avoid-conflict-with-guava\listenablefuture-9999.0-empty-to-avoid-conflict-with-guava.jar;E:\StudyTools\apache-maven-3.6.3\respository\com\google\code\findbugs\jsr305\3.0.2\jsr305-3.0.2.jar;E:\StudyTools\apache-maven-3.6.3\respository\org\checkerframework\checker-qual\3.12.0\checker-qual-3.12.0.jar;E:\StudyTools\apache-maven-3.6.3\respository\com\google\errorprone\error_prone_annotations\2.11.0\error_prone_annotations-2.11.0.jar;E:\StudyTools\apache-maven-3.6.3\respository\com\google\j2objc\j2objc-annotations\1.3\j2objc-annotations-1.3.jar;E:\StudyTools\apache-maven-3.6.3\respository\org\springframework\boot\spring-boot-starter-webflux\2.6.2\spring-boot-starter-webflux-2.6.2.jar;E:\StudyTools\apache-maven-3.6.3\respository\org\springframework\boot\spring-boot-starter\2.6.2\spring-boot-starter-2.6.2.jar;E:\StudyTools\apache-maven-3.6.3\respository\org\springframework\boot\spring-boot\2.6.2\spring-boot-2.6.2.jar;E:\StudyTools\apache-maven-3.6.3\respository\org\springframework\spring-context\5.3.14\spring-context-5.3.14.jar;E:\StudyTools\apache-maven-3.6.3\respository\org\springframework\spring-expression\5.3.14\spring-expression-5.3.14.jar;E:\StudyTools\apache-maven-3.6.3\respository\org\springframework\boot\spring-boot-autoconfigure\2.6.2\spring-boot-autoconfigure-2.6.2.jar;E:\StudyTools\apache-maven-3.6.3\respository\org\springframework\boot\spring-boot-starter-logging\2.6.2\spring-boot-starter-logging-2.6.2.jar;E:\StudyTools\apache-maven-3.6.3\respository\ch\qos\logback\logback-classic\1.2.9\logback-classic-1.2.9.jar;E:\StudyTools\apache-maven-3.6.3\respository\ch\qos\logback\logback-core\1.2.9\logback-core-1.2.9.jar;E:\StudyTools\apache-maven-3.6.3\respository\org\apache\logging\log4j\log4j-to-slf4j\2.17.0\log4j-to-slf4j-2.17.0.jar;E:\StudyTools\apache-maven-3.6.3\respository\org\apache\logging\log4j\log4j-api\2.17.0\log4j-api-2.17.0.jar;E:\StudyTools\apache-maven-3.6.3\respository\org\slf4j\jul-to-slf4j\1.7.32\jul-to-slf4j-1.7.32.jar;E:\StudyTools\apache-maven-3.6.3\respository\jakarta\annotation\jakarta.annotation-api\1.3.5\jakarta.annotation-api-1.3.5.jar;E:\StudyTools\apache-maven-3.6.3\respository\org\yaml\snakeyaml\1.29\snakeyaml-1.29.jar;E:\StudyTools\apache-maven-3.6.3\respository\org\springframework\boot\spring-boot-starter-json\2.6.2\spring-boot-starter-json-2.6.2.jar;E:\StudyTools\apache-maven-3.6.3\respository\com\fasterxml\jackson\core\jackson-databind\2.13.1\jackson-databind-2.13.1.jar;E:\StudyTools\apache-maven-3.6.3\respository\com\fasterxml\jackson\core\jackson-annotations\2.13.1\jackson-annotations-2.13.1.jar;E:\StudyTools\apache-maven-3.6.3\respository\com\fasterxml\jackson\core\jackson-core\2.13.1\jackson-core-2.13.1.jar;E:\StudyTools\apache-maven-3.6.3\respository\com\fasterxml\jackson\datatype\jackson-datatype-jdk8\2.13.1\jackson-datatype-jdk8-2.13.1.jar;E:\StudyTools\apache-maven-3.6.3\respository\com\fasterxml\jackson\datatype\jackson-datatype-jsr310\2.13.1\jackson-datatype-jsr310-2.13.1.jar;E:\StudyTools\apache-maven-3.6.3\respository\com\fasterxml\jackson\module\jackson-module-parameter-names\2.13.1\jackson-module-parameter-names-2.13.1.jar;E:\StudyTools\apache-maven-3.6.3\respository\org\springframework\boot\spring-boot-starter-reactor-netty\2.6.2\spring-boot-starter-reactor-netty-2.6.2.jar;E:\StudyTools\apache-maven-3.6.3\respository\io\projectreactor\netty\reactor-netty-http\1.0.14\reactor-netty-http-1.0.14.jar;E:\StudyTools\apache-maven-3.6.3\respository\io\netty\netty-codec-http\4.1.72.Final\netty-codec-http-4.1.72.Final.jar;E:\StudyTools\apache-maven-3.6.3\respository\io\netty\netty-buffer\4.1.72.Final\netty-buffer-4.1.72.Final.jar;E:\StudyTools\apache-maven-3.6.3\respository\io\netty\netty-codec\4.1.72.Final\netty-codec-4.1.72.Final.jar;E:\StudyTools\apache-maven-3.6.3\respository\io\netty\netty-codec-http2\4.1.72.Final\netty-codec-http2-4.1.72.Final.jar;E:\StudyTools\apache-maven-3.6.3\respository\io\netty\netty-resolver-dns\4.1.72.Final\netty-resolver-dns-4.1.72.Final.jar;E:\StudyTools\apache-maven-3.6.3\respository\io\netty\netty-resolver\4.1.72.Final\netty-resolver-4.1.72.Final.jar;E:\StudyTools\apache-maven-3.6.3\respository\io\netty\netty-codec-dns\4.1.72.Final\netty-codec-dns-4.1.72.Final.jar;E:\StudyTools\apache-maven-3.6.3\respository\io\netty\netty-resolver-dns-native-macos\4.1.72.Final\netty-resolver-dns-native-macos-4.1.72.Final-osx-x86_64.jar;E:\StudyTools\apache-maven-3.6.3\respository\io\netty\netty-resolver-dns-classes-macos\4.1.72.Final\netty-resolver-dns-classes-macos-4.1.72.Final.jar;E:\StudyTools\apache-maven-3.6.3\respository\io\netty\netty-transport-native-epoll\4.1.72.Final\netty-transport-native-epoll-4.1.72.Final-linux-x86_64.jar;E:\StudyTools\apache-maven-3.6.3\respository\io\netty\netty-transport-native-unix-common\4.1.72.Final\netty-transport-native-unix-common-4.1.72.Final.jar;E:\StudyTools\apache-maven-3.6.3\respository\io\netty\netty-transport-classes-epoll\4.1.72.Final\netty-transport-classes-epoll-4.1.72.Final.jar;E:\StudyTools\apache-maven-3.6.3\respository\io\projectreactor\netty\reactor-netty-core\1.0.14\reactor-netty-core-1.0.14.jar;E:\StudyTools\apache-maven-3.6.3\respository\io\netty\netty-handler-proxy\4.1.72.Final\netty-handler-proxy-4.1.72.Final.jar;E:\StudyTools\apache-maven-3.6.3\respository\io\netty\netty-codec-socks\4.1.72.Final\netty-codec-socks-4.1.72.Final.jar;E:\StudyTools\apache-maven-3.6.3\respository\org\springframework\spring-web\5.3.14\spring-web-5.3.14.jar;E:\StudyTools\apache-maven-3.6.3\respository\org\springframework\spring-beans\5.3.14\spring-beans-5.3.14.jar;E:\StudyTools\apache-maven-3.6.3\respository\org\springframework\spring-webflux\5.3.14\spring-webflux-5.3.14.jar;E:\StudyTools\apache-maven-3.6.3\respository\io\projectreactor\reactor-core\3.4.13\reactor-core-3.4.13.jar;E:\StudyTools\apache-maven-3.6.3\respository\org\reactivestreams\reactive-streams\1.0.3\reactive-streams-1.0.3.jar;E:\StudyTools\apache-maven-3.6.3\respository\org\springframework\boot\spring-boot-starter-data-redis-reactive\2.6.2\spring-boot-starter-data-redis-reactive-2.6.2.jar;E:\StudyTools\apache-maven-3.6.3\respository\org\springframework\boot\spring-boot-starter-data-redis\2.6.2\spring-boot-starter-data-redis-2.6.2.jar;E:\StudyTools\apache-maven-3.6.3\respository\org\springframework\data\spring-data-redis\2.6.0\spring-data-redis-2.6.0.jar;E:\StudyTools\apache-maven-3.6.3\respository\org\springframework\data\spring-data-keyvalue\2.6.0\spring-data-keyvalue-2.6.0.jar;E:\StudyTools\apache-maven-3.6.3\respository\org\springframework\data\spring-data-commons\2.6.0\spring-data-commons-2.6.0.jar;E:\StudyTools\apache-maven-3.6.3\respository\org\springframework\spring-tx\5.3.14\spring-tx-5.3.14.jar;E:\StudyTools\apache-maven-3.6.3\respository\org\springframework\spring-oxm\5.3.14\spring-oxm-5.3.14.jar;E:\StudyTools\apache-maven-3.6.3\respository\org\springframework\spring-aop\5.3.14\spring-aop-5.3.14.jar;E:\StudyTools\apache-maven-3.6.3\respository\org\springframework\spring-context-support\5.3.14\spring-context-support-5.3.14.jar;E:\StudyTools\apache-maven-3.6.3\respository\io\lettuce\lettuce-core\6.1.5.RELEASE\lettuce-core-6.1.5.RELEASE.jar;E:\StudyTools\apache-maven-3.6.3\respository\io\netty\netty-common\4.1.72.Final\netty-common-4.1.72.Final.jar;E:\StudyTools\apache-maven-3.6.3\respository\io\netty\netty-handler\4.1.72.Final\netty-handler-4.1.72.Final.jar;E:\StudyTools\apache-maven-3.6.3\respository\io\netty\netty-tcnative-classes\2.0.46.Final\netty-tcnative-classes-2.0.46.Final.jar;E:\StudyTools\apache-maven-3.6.3\respository\io\netty\netty-transport\4.1.72.Final\netty-transport-4.1.72.Final.jar;E:\StudyTools\apache-maven-3.6.3\respository\org\springframework\boot\spring-boot-starter-test\2.6.2\spring-boot-starter-test-2.6.2.jar;E:\StudyTools\apache-maven-3.6.3\respository\org\springframework\boot\spring-boot-test\2.6.2\spring-boot-test-2.6.2.jar;E:\StudyTools\apache-maven-3.6.3\respository\org\springframework\boot\spring-boot-test-autoconfigure\2.6.2\spring-boot-test-autoconfigure-2.6.2.jar;E:\StudyTools\apache-maven-3.6.3\respository\com\jayway\jsonpath\json-path\2.6.0\json-path-2.6.0.jar;E:\StudyTools\apache-maven-3.6.3\respository\net\minidev\json-smart\2.4.7\json-smart-2.4.7.jar;E:\StudyTools\apache-maven-3.6.3\respository\net\minidev\accessors-smart\2.4.7\accessors-smart-2.4.7.jar;E:\StudyTools\apache-maven-3.6.3\respository\org\ow2\asm\asm\9.1\asm-9.1.jar;E:\StudyTools\apache-maven-3.6.3\respository\org\slf4j\slf4j-api\1.7.32\slf4j-api-1.7.32.jar;E:\StudyTools\apache-maven-3.6.3\respository\jakarta\xml\bind\jakarta.xml.bind-api\2.3.3\jakarta.xml.bind-api-2.3.3.jar;E:\StudyTools\apache-maven-3.6.3\respository\jakarta\activation\jakarta.activation-api\1.2.2\jakarta.activation-api-1.2.2.jar;E:\StudyTools\apache-maven-3.6.3\respository\org\assertj\assertj-core\3.21.0\assertj-core-3.21.0.jar;E:\StudyTools\apache-maven-3.6.3\respository\org\hamcrest\hamcrest\2.2\hamcrest-2.2.jar;E:\StudyTools\apache-maven-3.6.3\respository\org\junit\jupiter\junit-jupiter\5.8.2\junit-jupiter-5.8.2.jar;E:\StudyTools\apache-maven-3.6.3\respository\org\junit\jupiter\junit-jupiter-api\5.8.2\junit-jupiter-api-5.8.2.jar;E:\StudyTools\apache-maven-3.6.3\respository\org\opentest4j\opentest4j\1.2.0\opentest4j-1.2.0.jar;E:\StudyTools\apache-maven-3.6.3\respository\org\junit\platform\junit-platform-commons\1.8.2\junit-platform-commons-1.8.2.jar;E:\StudyTools\apache-maven-3.6.3\respository\org\apiguardian\apiguardian-api\1.1.2\apiguardian-api-1.1.2.jar;E:\StudyTools\apache-maven-3.6.3\respository\org\junit\jupiter\junit-jupiter-params\5.8.2\junit-jupiter-params-5.8.2.jar;E:\StudyTools\apache-maven-3.6.3\respository\org\junit\jupiter\junit-jupiter-engine\5.8.2\junit-jupiter-engine-5.8.2.jar;E:\StudyTools\apache-maven-3.6.3\respository\org\junit\platform\junit-platform-engine\1.8.2\junit-platform-engine-1.8.2.jar;E:\StudyTools\apache-maven-3.6.3\respository\org\mockito\mockito-core\4.0.0\mockito-core-4.0.0.jar;E:\StudyTools\apache-maven-3.6.3\respository\net\bytebuddy\byte-buddy\1.11.22\byte-buddy-1.11.22.jar;E:\StudyTools\apache-maven-3.6.3\respository\net\bytebuddy\byte-buddy-agent\1.11.22\byte-buddy-agent-1.11.22.jar;E:\StudyTools\apache-maven-3.6.3\respository\org\objenesis\objenesis\3.2\objenesis-3.2.jar;E:\StudyTools\apache-maven-3.6.3\respository\org\mockito\mockito-junit-jupiter\4.0.0\mockito-junit-jupiter-4.0.0.jar;E:\StudyTools\apache-maven-3.6.3\respository\org\skyscreamer\jsonassert\1.5.0\jsonassert-1.5.0.jar;E:\StudyTools\apache-maven-3.6.3\respository\com\vaadin\external\google\android-json\0.0.20131108.vaadin1\android-json-0.0.20131108.vaadin1.jar;E:\StudyTools\apache-maven-3.6.3\respository\org\springframework\spring-core\5.3.14\spring-core-5.3.14.jar;E:\StudyTools\apache-maven-3.6.3\respository\org\springframework\spring-jcl\5.3.14\spring-jcl-5.3.14.jar;E:\StudyTools\apache-maven-3.6.3\respository\org\springframework\spring-test\5.3.14\spring-test-5.3.14.jar;E:\StudyTools\apache-maven-3.6.3\respository\org\xmlunit\xmlunit-core\2.8.4\xmlunit-core-2.8.4.jar;"/>
    <property name="java.vm.vendor" value="Oracle Corporation"/>
    <property name="sun.arch.data.model" value="64"/>
    <property name="user.variant" value=""/>
    <property name="java.vendor.url" value="https://openjdk.java.net/"/>
    <property name="user.timezone" value="GMT+08:00"/>
    <property name="java.vm.specification.version" value="11"/>
    <property name="os.name" value="Windows 10"/>
    <property name="sun.java.launcher" value="SUN_STANDARD"/>
    <property name="user.country" value="CN"/>
    <property name="sun.boot.library.path" value="E:\StudyTools\Java11\bin"/>
    <property name="sun.java.command" value="C:\Users\31564\AppData\Local\Temp\surefire9326418012803922299\surefirebooter11586593776469349022.jar C:\Users\31564\AppData\Local\Temp\surefire9326418012803922299 2022-03-22T13-15-48_327-jvmRun1 surefire12432966313582376994tmp surefire_01863966682185211713tmp"/>
    <property name="jdk.debug" value="release"/>
    <property name="surefire.test.class.path" value="E:\Study\dev\Java\torch-game-gateway\target\test-classes;E:\Study\dev\Java\torch-game-gateway\target\classes;E:\StudyTools\apache-maven-3.6.3\respository\org\apache\commons\commons-lang3\3.12.0\commons-lang3-3.12.0.jar;E:\StudyTools\apache-maven-3.6.3\respository\com\google\guava\guava\31.1-jre\guava-31.1-jre.jar;E:\StudyTools\apache-maven-3.6.3\respository\com\google\guava\failureaccess\1.0.1\failureaccess-1.0.1.jar;E:\StudyTools\apache-maven-3.6.3\respository\com\google\guava\listenablefuture\9999.0-empty-to-avoid-conflict-with-guava\listenablefuture-9999.0-empty-to-avoid-conflict-with-guava.jar;E:\StudyTools\apache-maven-3.6.3\respository\com\google\code\findbugs\jsr305\3.0.2\jsr305-3.0.2.jar;E:\StudyTools\apache-maven-3.6.3\respository\org\checkerframework\checker-qual\3.12.0\checker-qual-3.12.0.jar;E:\StudyTools\apache-maven-3.6.3\respository\com\google\errorprone\error_prone_annotations\2.11.0\error_prone_annotations-2.11.0.jar;E:\StudyTools\apache-maven-3.6.3\respository\com\google\j2objc\j2objc-annotations\1.3\j2objc-annotations-1.3.jar;E:\StudyTools\apache-maven-3.6.3\respository\org\springframework\boot\spring-boot-starter-webflux\2.6.2\spring-boot-starter-webflux-2.6.2.jar;E:\StudyTools\apache-maven-3.6.3\respository\org\springframework\boot\spring-boot-starter\2.6.2\spring-boot-starter-2.6.2.jar;E:\StudyTools\apache-maven-3.6.3\respository\org\springframework\boot\spring-boot\2.6.2\spring-boot-2.6.2.jar;E:\StudyTools\apache-maven-3.6.3\respository\org\springframework\spring-context\5.3.14\spring-context-5.3.14.jar;E:\StudyTools\apache-maven-3.6.3\respository\org\springframework\spring-expression\5.3.14\spring-expression-5.3.14.jar;E:\StudyTools\apache-maven-3.6.3\respository\org\springframework\boot\spring-boot-autoconfigure\2.6.2\spring-boot-autoconfigure-2.6.2.jar;E:\StudyTools\apache-maven-3.6.3\respository\org\springframework\boot\spring-boot-starter-logging\2.6.2\spring-boot-starter-logging-2.6.2.jar;E:\StudyTools\apache-maven-3.6.3\respository\ch\qos\logback\logback-classic\1.2.9\logback-classic-1.2.9.jar;E:\StudyTools\apache-maven-3.6.3\respository\ch\qos\logback\logback-core\1.2.9\logback-core-1.2.9.jar;E:\StudyTools\apache-maven-3.6.3\respository\org\apache\logging\log4j\log4j-to-slf4j\2.17.0\log4j-to-slf4j-2.17.0.jar;E:\StudyTools\apache-maven-3.6.3\respository\org\apache\logging\log4j\log4j-api\2.17.0\log4j-api-2.17.0.jar;E:\StudyTools\apache-maven-3.6.3\respository\org\slf4j\jul-to-slf4j\1.7.32\jul-to-slf4j-1.7.32.jar;E:\StudyTools\apache-maven-3.6.3\respository\jakarta\annotation\jakarta.annotation-api\1.3.5\jakarta.annotation-api-1.3.5.jar;E:\StudyTools\apache-maven-3.6.3\respository\org\yaml\snakeyaml\1.29\snakeyaml-1.29.jar;E:\StudyTools\apache-maven-3.6.3\respository\org\springframework\boot\spring-boot-starter-json\2.6.2\spring-boot-starter-json-2.6.2.jar;E:\StudyTools\apache-maven-3.6.3\respository\com\fasterxml\jackson\core\jackson-databind\2.13.1\jackson-databind-2.13.1.jar;E:\StudyTools\apache-maven-3.6.3\respository\com\fasterxml\jackson\core\jackson-annotations\2.13.1\jackson-annotations-2.13.1.jar;E:\StudyTools\apache-maven-3.6.3\respository\com\fasterxml\jackson\core\jackson-core\2.13.1\jackson-core-2.13.1.jar;E:\StudyTools\apache-maven-3.6.3\respository\com\fasterxml\jackson\datatype\jackson-datatype-jdk8\2.13.1\jackson-datatype-jdk8-2.13.1.jar;E:\StudyTools\apache-maven-3.6.3\respository\com\fasterxml\jackson\datatype\jackson-datatype-jsr310\2.13.1\jackson-datatype-jsr310-2.13.1.jar;E:\StudyTools\apache-maven-3.6.3\respository\com\fasterxml\jackson\module\jackson-module-parameter-names\2.13.1\jackson-module-parameter-names-2.13.1.jar;E:\StudyTools\apache-maven-3.6.3\respository\org\springframework\boot\spring-boot-starter-reactor-netty\2.6.2\spring-boot-starter-reactor-netty-2.6.2.jar;E:\StudyTools\apache-maven-3.6.3\respository\io\projectreactor\netty\reactor-netty-http\1.0.14\reactor-netty-http-1.0.14.jar;E:\StudyTools\apache-maven-3.6.3\respository\io\netty\netty-codec-http\4.1.72.Final\netty-codec-http-4.1.72.Final.jar;E:\StudyTools\apache-maven-3.6.3\respository\io\netty\netty-buffer\4.1.72.Final\netty-buffer-4.1.72.Final.jar;E:\StudyTools\apache-maven-3.6.3\respository\io\netty\netty-codec\4.1.72.Final\netty-codec-4.1.72.Final.jar;E:\StudyTools\apache-maven-3.6.3\respository\io\netty\netty-codec-http2\4.1.72.Final\netty-codec-http2-4.1.72.Final.jar;E:\StudyTools\apache-maven-3.6.3\respository\io\netty\netty-resolver-dns\4.1.72.Final\netty-resolver-dns-4.1.72.Final.jar;E:\StudyTools\apache-maven-3.6.3\respository\io\netty\netty-resolver\4.1.72.Final\netty-resolver-4.1.72.Final.jar;E:\StudyTools\apache-maven-3.6.3\respository\io\netty\netty-codec-dns\4.1.72.Final\netty-codec-dns-4.1.72.Final.jar;E:\StudyTools\apache-maven-3.6.3\respository\io\netty\netty-resolver-dns-native-macos\4.1.72.Final\netty-resolver-dns-native-macos-4.1.72.Final-osx-x86_64.jar;E:\StudyTools\apache-maven-3.6.3\respository\io\netty\netty-resolver-dns-classes-macos\4.1.72.Final\netty-resolver-dns-classes-macos-4.1.72.Final.jar;E:\StudyTools\apache-maven-3.6.3\respository\io\netty\netty-transport-native-epoll\4.1.72.Final\netty-transport-native-epoll-4.1.72.Final-linux-x86_64.jar;E:\StudyTools\apache-maven-3.6.3\respository\io\netty\netty-transport-native-unix-common\4.1.72.Final\netty-transport-native-unix-common-4.1.72.Final.jar;E:\StudyTools\apache-maven-3.6.3\respository\io\netty\netty-transport-classes-epoll\4.1.72.Final\netty-transport-classes-epoll-4.1.72.Final.jar;E:\StudyTools\apache-maven-3.6.3\respository\io\projectreactor\netty\reactor-netty-core\1.0.14\reactor-netty-core-1.0.14.jar;E:\StudyTools\apache-maven-3.6.3\respository\io\netty\netty-handler-proxy\4.1.72.Final\netty-handler-proxy-4.1.72.Final.jar;E:\StudyTools\apache-maven-3.6.3\respository\io\netty\netty-codec-socks\4.1.72.Final\netty-codec-socks-4.1.72.Final.jar;E:\StudyTools\apache-maven-3.6.3\respository\org\springframework\spring-web\5.3.14\spring-web-5.3.14.jar;E:\StudyTools\apache-maven-3.6.3\respository\org\springframework\spring-beans\5.3.14\spring-beans-5.3.14.jar;E:\StudyTools\apache-maven-3.6.3\respository\org\springframework\spring-webflux\5.3.14\spring-webflux-5.3.14.jar;E:\StudyTools\apache-maven-3.6.3\respository\io\projectreactor\reactor-core\3.4.13\reactor-core-3.4.13.jar;E:\StudyTools\apache-maven-3.6.3\respository\org\reactivestreams\reactive-streams\1.0.3\reactive-streams-1.0.3.jar;E:\StudyTools\apache-maven-3.6.3\respository\org\springframework\boot\spring-boot-starter-data-redis-reactive\2.6.2\spring-boot-starter-data-redis-reactive-2.6.2.jar;E:\StudyTools\apache-maven-3.6.3\respository\org\springframework\boot\spring-boot-starter-data-redis\2.6.2\spring-boot-starter-data-redis-2.6.2.jar;E:\StudyTools\apache-maven-3.6.3\respository\org\springframework\data\spring-data-redis\2.6.0\spring-data-redis-2.6.0.jar;E:\StudyTools\apache-maven-3.6.3\respository\org\springframework\data\spring-data-keyvalue\2.6.0\spring-data-keyvalue-2.6.0.jar;E:\StudyTools\apache-maven-3.6.3\respository\org\springframework\data\spring-data-commons\2.6.0\spring-data-commons-2.6.0.jar;E:\StudyTools\apache-maven-3.6.3\respository\org\springframework\spring-tx\5.3.14\spring-tx-5.3.14.jar;E:\StudyTools\apache-maven-3.6.3\respository\org\springframework\spring-oxm\5.3.14\spring-oxm-5.3.14.jar;E:\StudyTools\apache-maven-3.6.3\respository\org\springframework\spring-aop\5.3.14\spring-aop-5.3.14.jar;E:\StudyTools\apache-maven-3.6.3\respository\org\springframework\spring-context-support\5.3.14\spring-context-support-5.3.14.jar;E:\StudyTools\apache-maven-3.6.3\respository\io\lettuce\lettuce-core\6.1.5.RELEASE\lettuce-core-6.1.5.RELEASE.jar;E:\StudyTools\apache-maven-3.6.3\respository\io\netty\netty-common\4.1.72.Final\netty-common-4.1.72.Final.jar;E:\StudyTools\apache-maven-3.6.3\respository\io\netty\netty-handler\4.1.72.Final\netty-handler-4.1.72.Final.jar;E:\StudyTools\apache-maven-3.6.3\respository\io\netty\netty-tcnative-classes\2.0.46.Final\netty-tcnative-classes-2.0.46.Final.jar;E:\StudyTools\apache-maven-3.6.3\respository\io\netty\netty-transport\4.1.72.Final\netty-transport-4.1.72.Final.jar;E:\StudyTools\apache-maven-3.6.3\respository\org\springframework\boot\spring-boot-starter-test\2.6.2\spring-boot-starter-test-2.6.2.jar;E:\StudyTools\apache-maven-3.6.3\respository\org\springframework\boot\spring-boot-test\2.6.2\spring-boot-test-2.6.2.jar;E:\StudyTools\apache-maven-3.6.3\respository\org\springframework\boot\spring-boot-test-autoconfigure\2.6.2\spring-boot-test-autoconfigure-2.6.2.jar;E:\StudyTools\apache-maven-3.6.3\respository\com\jayway\jsonpath\json-path\2.6.0\json-path-2.6.0.jar;E:\StudyTools\apache-maven-3.6.3\respository\net\minidev\json-smart\2.4.7\json-smart-2.4.7.jar;E:\StudyTools\apache-maven-3.6.3\respository\net\minidev\accessors-smart\2.4.7\accessors-smart-2.4.7.jar;E:\StudyTools\apache-maven-3.6.3\respository\org\ow2\asm\asm\9.1\asm-9.1.jar;E:\StudyTools\apache-maven-3.6.3\respository\org\slf4j\slf4j-api\1.7.32\slf4j-api-1.7.32.jar;E:\StudyTools\apache-maven-3.6.3\respository\jakarta\xml\bind\jakarta.xml.bind-api\2.3.3\jakarta.xml.bind-api-2.3.3.jar;E:\StudyTools\apache-maven-3.6.3\respository\jakarta\activation\jakarta.activation-api\1.2.2\jakarta.activation-api-1.2.2.jar;E:\StudyTools\apache-maven-3.6.3\respository\org\assertj\assertj-core\3.21.0\assertj-core-3.21.0.jar;E:\StudyTools\apache-maven-3.6.3\respository\org\hamcrest\hamcrest\2.2\hamcrest-2.2.jar;E:\StudyTools\apache-maven-3.6.3\respository\org\junit\jupiter\junit-jupiter\5.8.2\junit-jupiter-5.8.2.jar;E:\StudyTools\apache-maven-3.6.3\respository\org\junit\jupiter\junit-jupiter-api\5.8.2\junit-jupiter-api-5.8.2.jar;E:\StudyTools\apache-maven-3.6.3\respository\org\opentest4j\opentest4j\1.2.0\opentest4j-1.2.0.jar;E:\StudyTools\apache-maven-3.6.3\respository\org\junit\platform\junit-platform-commons\1.8.2\junit-platform-commons-1.8.2.jar;E:\StudyTools\apache-maven-3.6.3\respository\org\apiguardian\apiguardian-api\1.1.2\apiguardian-api-1.1.2.jar;E:\StudyTools\apache-maven-3.6.3\respository\org\junit\jupiter\junit-jupiter-params\5.8.2\junit-jupiter-params-5.8.2.jar;E:\StudyTools\apache-maven-3.6.3\respository\org\junit\jupiter\junit-jupiter-engine\5.8.2\junit-jupiter-engine-5.8.2.jar;E:\StudyTools\apache-maven-3.6.3\respository\org\junit\platform\junit-platform-engine\1.8.2\junit-platform-engine-1.8.2.jar;E:\StudyTools\apache-maven-3.6.3\respository\org\mockito\mockito-core\4.0.0\mockito-core-4.0.0.jar;E:\StudyTools\apache-maven-3.6.3\respository\net\bytebuddy\byte-buddy\1.11.22\byte-buddy-1.11.22.jar;E:\StudyTools\apache-maven-3.6.3\respository\net\bytebuddy\byte-buddy-agent\1.11.22\byte-buddy-agent-1.11.22.jar;E:\StudyTools\apache-maven-3.6.3\respository\org\objenesis\objenesis\3.2\objenesis-3.2.jar;E:\StudyTools\apache-maven-3.6.3\respository\org\mockito\mockito-junit-jupiter\4.0.0\mockito-junit-jupiter-4.0.0.jar;E:\StudyTools\apache-maven-3.6.3\respository\org\skyscreamer\jsonassert\1.5.0\jsonassert-1.5.0.jar;E:\StudyTools\apache-maven-3.6.3\respository\com\vaadin\external\google\android-json\0.0.20131108.vaadin1\android-json-0.0.20131108.vaadin1.jar;E:\StudyTools\apache-maven-3.6.3\respository\org\springframework\spring-core\5.3.14\spring-core-5.3.14.jar;E:\StudyTools\apache-maven-3.6.3\respository\org\springframework\spring-jcl\5.3.14\spring-jcl-5.3.14.jar;E:\StudyTools\apache-maven-3.6.3\respository\org\springframework\spring-test\5.3.14\spring-test-5.3.14.jar;E:\StudyTools\apache-maven-3.6.3\respository\org\xmlunit\xmlunit-core\2.8.4\xmlunit-core-2.8.4.jar;"/>
    <property name="sun.cpu.endian" value="little"/>
    <property name="user.home" value="C:\Users\31564"/>
    <property name="user.language" value="zh"/>
    <property name="java.specification.vendor" value="Oracle Corporation"/>
    <property name="java.version.date" value="2022-01-18"/>
    <property name="java.home" value="E:\StudyTools\Java11"/>
    <property name="file.separator" value="\"/>
    <property name="basedir" value="E:\Study\dev\Java\torch-game-gateway"/>
    <property name="java.vm.compressedOopsMode" value="Zero based"/>
    <property name="line.separator" value="&#10;"/>
    <property name="java.specification.name" value="Java Platform API Specification"/>
    <property name="java.vm.specification.vendor" value="Oracle Corporation"/>
    <property name="java.awt.graphicsenv" value="sun.awt.Win32GraphicsEnvironment"/>
    <property name="surefire.real.class.path" value="C:\Users\31564\AppData\Local\Temp\surefire9326418012803922299\surefirebooter11586593776469349022.jar"/>
    <property name="user.script" value=""/>
    <property name="sun.management.compiler" value="HotSpot 64-Bit Tiered Compilers"/>
    <property name="java.runtime.version" value="11.0.14+8-LTS-263"/>
    <property name="user.name" value="31564"/>
    <property name="path.separator" value=";"/>
    <property name="os.version" value="10.0"/>
    <property name="java.runtime.name" value="Java(TM) SE Runtime Environment"/>
    <property name="file.encoding" value="GBK"/>
    <property name="java.vm.name" value="Java HotSpot(TM) 64-Bit Server VM"/>
    <property name="java.vendor.version" value="18.9"/>
    <property name="localRepository" value="E:\StudyTools\apache-maven-3.6.3\respository"/>
    <property name="java.vendor.url.bug" value="https://bugreport.java.com/bugreport/"/>
    <property name="java.io.tmpdir" value="C:\Users\31564\AppData\Local\Temp\"/>
    <property name="idea.version" value="2021.2.3"/>
    <property name="java.version" value="11.0.14"/>
    <property name="user.dir" value="E:\Study\dev\Java\torch-game-gateway"/>
    <property name="os.arch" value="amd64"/>
    <property name="java.vm.specification.name" value="Java Virtual Machine Specification"/>
    <property name="java.awt.printerjob" value="sun.awt.windows.WPrinterJob"/>
    <property name="sun.os.patch.level" value=""/>
    <property name="java.library.path" value="E:\StudyTools\Java11\bin;C:\WINDOWS\Sun\Java\bin;C:\WINDOWS\system32;C:\WINDOWS;E:\StudyTools\nodeJS\;E:\Study\Python\Scripts\;E:\Study\Python\;E:\StudyTools\Java8u331\bin;E:\StudyTools\Java8u331\jre\bin;C:\windows\system32;C:\windows;C:\windows\System32\Wbem;C:\windows\System32\WindowsPowerShell\v1.0\;C:\windows\System32\OpenSSH\;C:\Program Files (x86)\NVIDIA Corporation\PhysX\Common;C:\Program Files\NVIDIA Corporation\NVIDIA NGX;C:\Program Files\NVIDIA Corporation\NVIDIA NvDLISR;E:\StudyTools\WinSCP\;E:\StudyTools\CMake3.18\bin;C:\WINDOWS\system32;C:\WINDOWS;C:\WINDOWS\System32\Wbem;C:\WINDOWS\System32\WindowsPowerShell\v1.0\;C:\WINDOWS\System32\OpenSSH\;E:\StudyTools\apache-maven-3.6.3\bin;E:\Windows Kits\10\Windows Performance Toolkit\;E:\Study\AndroidSDK\platform-tools;E:\Study\AndroidSDK\tools;E:\Study\Git\cmd;C:\Program Files (x86)\dotnet\;E:\StudyTools\cocos2d-x-4.0\templates;E:\StudyTools\cocos2d-x-4.0\tools\cocos2d-console\bin;C:\Users\31564\AppData\Local\Microsoft\WindowsApps;E:\工具\Bandizip\;E:\StudyTools\IDEA\bin;;;E:\StudyTools\WebStorm\WebStorm2020.1\bin;;E:\StudyTools\Microsoft VS Code\bin;C:\Users\31564\AppData\Roaming\npm;E:\StudyTools\IDEA2021\IntelliJ IDEA 2021.2.3\bin;;E:\StudyTools\Fiddler;."/>
    <property name="java.vendor" value="Oracle Corporation"/>
    <property name="java.vm.info" value="mixed mode"/>
    <property name="java.vm.version" value="11.0.14+8-LTS-263"/>
    <property name="sun.io.unicode.encoding" value="UnicodeLittle"/>
    <property name="java.class.version" value="55.0"/>
  </properties>
  <testcase name="testOrdinaryValveAdd" classname="xit.gateway.core.valve.TestOrdinaryValve" time="0.292"/>
  <testcase name="testProcessCoreValveAdd" classname="xit.gateway.core.valve.TestOrdinaryValve" time="0.002"/>
</testsuite>